<?xml version="1.0" encoding="UTF-8"?>
<!-- Generated by org.testng.reporters.JUnitReportReporter -->
<testsuite hostname="LAPTOP-N3BS738C" failures="0" tests="1" name="Learning.Ecommerce" time="7.291" errors="0" timestamp="2025-01-24T11:30:29 IST" skipped="0">
  <testcase classname="Learning.Ecommerce" name="customerJourney" time="7.291"/>
  <system-out/>
</testsuite> <!-- Learning.Ecommerce -->
